<?xml version="1.0" encoding="UTF-8"?>
<!-- Generated by org.testng.reporters.JUnitReportReporter -->
<testsuite hostname="MacBook-Pro" failures="0" tests="7" name="Lab8.Lab8_Example.Test_validBody" time="0.413" errors="0" timestamp="2023-08-16T15:21:41 SGT" skipped="0">
  <testcase classname="Lab8.Lab8_Example.Test_validBody" name="TC05_verifyOnMatchingGender" time="0.008"/>
  <system-out/>
  <testcase classname="Lab8.Lab8_Example.Test_validBody" name="TC01_StatusCodeChecked" time="0.008"/>
  <system-out/>
  <testcase classname="Lab8.Lab8_Example.Test_validBody" name="TC03_createdAtChecked" time="0.001"/>
  <system-out/>
  <testcase classname="Lab8.Lab8_Example.Test_validBody" name="TC02_idChecked" time="0.001"/>
  <system-out/>
  <testcase classname="Lab8.Lab8_Example.Test_validBody" name="TC04_verifyOnMatchingName" time="0.375"/>
  <system-out/>
  <testcase classname="Lab8.Lab8_Example.Test_validBody" name="TC06_verifyOnMatchingAge" time="0.009"/>
  <system-out/>
  <testcase classname="Lab8.Lab8_Example.Test_validBody" name="TC07_verifyOnMatchingJob" time="0.011"/>
  <system-out/>
</testsuite> <!-- Lab8.Lab8_Example.Test_validBody -->
