<?xml version="1.0" encoding="UTF-8"?>
<!-- Generated by org.testng.reporters.JUnitReportReporter -->
<testsuite hostname="MacBook-Pro" failures="0" tests="7" name="Lab8_Practice.validGet" time="0.433" errors="0" timestamp="2023-09-06T11:02:53 SGT" skipped="0">
  <testcase classname="Lab8_Practice.validGet" name="TC03_emailChecked" time="0.001"/>
  <system-out/>
  <testcase classname="Lab8_Practice.validGet" name="TC01_StatusCodeChecked" time="0.009"/>
  <system-out/>
  <testcase classname="Lab8_Practice.validGet" name="TC06_avatarChecked" time="0.001"/>
  <system-out/>
  <testcase classname="Lab8_Practice.validGet" name="TC05_lastnameChecked" time="0.001"/>
  <system-out/>
  <testcase classname="Lab8_Practice.validGet" name="TC07_verifyOnMatchingId" time="0.418"/>
  <system-out/>
  <testcase classname="Lab8_Practice.validGet" name="TC02_idChecked" time="0.002"/>
  <system-out/>
  <testcase classname="Lab8_Practice.validGet" name="TC04_firstnameChecked" time="0.001"/>
  <system-out/>
</testsuite> <!-- Lab8_Practice.validGet -->
