<?xml version="1.0" encoding="UTF-8"?>
<!-- Generated by org.testng.reporters.JUnitReportReporter -->
<testsuite hostname="MacBook-Pro" failures="0" tests="7" name="lab8_Example.Test_validPost" time="0.344" errors="0" timestamp="2023-08-17T17:00:28 SGT" skipped="0">
  <testcase classname="lab8_Example.Test_validPost" name="TC05_verifyOnMatchingGender" time="0.010"/>
  <system-out/>
  <testcase classname="lab8_Example.Test_validPost" name="TC03_createdAtChecked" time="0.001"/>
  <system-out/>
  <testcase classname="lab8_Example.Test_validPost" name="TC06_verifyOnMatchingAge" time="0.011"/>
  <system-out/>
  <testcase classname="lab8_Example.Test_validPost" name="TC02_idChecked" time="0.002"/>
  <system-out/>
  <testcase classname="lab8_Example.Test_validPost" name="TC04_verifyOnMatchingName" time="0.301"/>
  <system-out/>
  <testcase classname="lab8_Example.Test_validPost" name="TC01_StatusCodeChecked" time="0.008"/>
  <system-out/>
  <testcase classname="lab8_Example.Test_validPost" name="TC07_verifyOnMatchingJob" time="0.011"/>
  <system-out/>
</testsuite> <!-- lab8_Example.Test_validPost -->
