<?xml version="1.0" encoding="UTF-8"?>
<!-- Generated by org.testng.reporters.JUnitReportReporter -->
<testsuite hostname="MacBook-Pro" failures="0" tests="5" name="com.api.auto.testcase.TC_API_Login" time="0.568" errors="0" timestamp="2024-01-19T13:08:58 SGT" skipped="0">
  <testcase classname="com.api.auto.testcase.TC_API_Login" name="validateLoginStatusCode" time="0.008"/>
  <system-out/>
  <testcase classname="com.api.auto.testcase.TC_API_Login" name="validateMessage" time="0.314"/>
  <system-out/>
  <testcase classname="com.api.auto.testcase.TC_API_Login" name="validateToken" time="0.174"/>
  <system-out/>
  <testcase classname="com.api.auto.testcase.TC_API_Login" name="validateUserType" time="0.009"/>
  <system-out/>
  <testcase classname="com.api.auto.testcase.TC_API_Login" name="validateUserAccount" time="0.063"/>
  <system-out/>
</testsuite> <!-- com.api.auto.testcase.TC_API_Login -->
