<?xml version="1.0" encoding="UTF-8"?>
<!-- Generated by org.testng.reporters.JUnitReportReporter -->
<testsuite hostname="MacBook-Pro" failures="0" tests="5" name="com.api.auto.testcase.TC_API_CreateWork" time="0.072" errors="0" timestamp="2024-01-19T13:08:58 SGT" skipped="0">
  <testcase classname="com.api.auto.testcase.TC_API_CreateWork" name="validateCreateWorkStatusCode" time="0.001"/>
  <system-out/>
  <testcase classname="com.api.auto.testcase.TC_API_CreateWork" name="validateId" time="0.001"/>
  <system-out/>
  <testcase classname="com.api.auto.testcase.TC_API_CreateWork" name="validateNameOfWorkMatched" time="0.023"/>
  <system-out/>
  <testcase classname="com.api.auto.testcase.TC_API_CreateWork" name="validateExperienceMatched" time="0.021"/>
  <system-out/>
  <testcase classname="com.api.auto.testcase.TC_API_CreateWork" name="validateEducationMatched" time="0.026"/>
  <system-out/>
</testsuite> <!-- com.api.auto.testcase.TC_API_CreateWork -->
